2025-08-01 21:11:08,826 [INFO] \U0001f4c1 Папка скрипта: c:\Users\user\Desktop\тест
2025-08-01 21:11:08,827 [INFO] \U0001f9fe .env найден: True
2025-08-01 21:11:08,839 [INFO] \U0001f680 ma_signal_collector запущен
2025-08-01 21:11:08,872 [INFO] server listening on [::1]:6789
2025-08-01 21:11:08,872 [INFO] server listening on 127.0.0.1:6789
2025-08-01 21:11:08,872 [INFO] \U0001f4e1 WebSocket сервер работает на ws://localhost:6789
2025-08-01 21:11:08,872 [INFO] \U0001f4e1 Загружаем тикеры с Bybit...
2025-08-01 21:11:10,437 [INFO] \u2705 Отобраны 50 топовых пар по объёму
2025-08-01 21:11:10,437 [INFO] \U0001f4c8 Мониторинг 50 топовых пар на Bybit...
2025-08-01 21:11:10,438 [INFO] \U0001f552 Следующая проверка в 14:15:00 UTC (через 229 секунд)
NFO] рџ•’ РЎР»РµРґСѓСЋС‰Р°СЏ РїСЂРѕРІРµСЂРєР° РІ 14:15:00 UTC (С‡РµСЂРµР· 229 СЃРµРєСѓРЅРґ)
2025-08-01 21:14:22,938 [INFO] рџ“Ѓ РџР°РїРєР° СЃРєСЂРёРїС‚Р°: c:\Users\user\Desktop\С‚РµСЃС‚
2025-08-01 21:14:22,938 [INFO] рџ§ѕ .env РЅР°Р№РґРµРЅ: True
2025-08-01 21:16:59,359 [INFO] рџ“Ѓ РџР°РїРєР° СЃРєСЂРёРїС‚Р°: c:\Users\user\Desktop\С‚РµСЃС‚
2025-08-01 21:16:59,360 [INFO] рџ§ѕ .env РЅР°Р№РґРµРЅ: True
2025-08-01 21:16:59,369 [INFO] рџљЂ ma_signal_collector Р·Р°РїСѓС‰РµРЅ
2025-08-01 21:16:59,396 [INFO] server listening on 127.0.0.1:6789
2025-08-01 21:16:59,396 [INFO] server listening on [::1]:6789
2025-08-01 21:16:59,396 [INFO] рџ“Ў WebSocket СЃРµСЂРІРµСЂ СЂР°Р±РѕС‚Р°РµС‚ РЅР° ws://localhost:6789
2025-08-01 21:16:59,397 [INFO] рџ“Ў Р—Р°РіСЂСѓР¶Р°РµРј С‚РёРєРµСЂС‹ СЃ Bybit...
2025-08-01 21:17:01,099 [INFO] вњ… РћС‚РѕР±СЂР°РЅС‹ 50 С‚РѕРїРѕРІС‹С… РїР°СЂ РїРѕ РѕР±СЉС‘РјСѓ
2025-08-01 21:17:01,099 [INFO] рџ“€ РњРѕРЅРёС‚РѕСЂРёРЅРі 50 С‚РѕРїРѕРІС‹С… РїР°СЂ РЅР° Bybit...
2025-08-01 21:17:01,101 [INFO] рџ•’ РЎР»РµРґСѓСЋС‰Р°СЏ РїСЂРѕРІРµСЂРєР° РІ 14:20:00 UTC (С‡РµСЂРµР· 178 СЃРµРєСѓРЅРґ)
2025-08-01 21:20:41,366 [INFO] рџ“Ѓ РџР°РїРєР° СЃРєСЂРёРїС‚Р°: c:\Users\user\Desktop\С‚РµСЃС‚
2025-08-01 21:20:41,367 [INFO] рџ§ѕ .env РЅР°Р№РґРµРЅ: True
2025-08-01 21:20:41,543 [INFO] рџљЂ ma_signal_collector Р·Р°РїСѓС‰РµРЅ
2025-08-01 21:20:41,571 [INFO] server listening on [::1]:6789
2025-08-01 21:20:41,572 [INFO] server listening on 127.0.0.1:6789
2025-08-01 21:20:41,573 [INFO] рџ“Ў WebSocket СЃРµСЂРІРµСЂ СЂР°Р±РѕС‚Р°РµС‚ РЅР° ws://localhost:6789
2025-08-01 21:20:41,574 [INFO] рџ“Ў Р—Р°РіСЂСѓР¶Р°РµРј С‚РёРєРµСЂС‹ СЃ Bybit...
2025-08-01 21:20:43,820 [INFO] вњ… РћС‚РѕР±СЂР°РЅС‹ 50 С‚РѕРїРѕРІС‹С… РїР°СЂ РїРѕ РѕР±СЉС‘РјСѓ
2025-08-01 21:20:43,823 [INFO] рџ“€ РњРѕРЅРёС‚РѕСЂРёРЅРі 50 С‚РѕРїРѕРІС‹С… РїР°СЂ РЅР° Bybit...
2025-08-01 21:20:43,824 [INFO] рџ•’ РЎР»РµРґСѓСЋС‰Р°СЏ РїСЂРѕРІРµСЂРєР° РІ 14:25:00 UTC (С‡РµСЂРµР· 256 СЃРµРєСѓРЅРґ)
2025-08-01 21:20:43,827 [INFO] connection open
2025-08-01 21:25:05,332 [INFO] вњ… Р¦РёРєР» РїСЂРѕРІРµСЂРєРё Р·Р°РІРµСЂС€С‘РЅ

2025-08-01 21:25:05,333 [INFO] рџ•’ РЎР»РµРґСѓСЋС‰Р°СЏ РїСЂРѕРІРµСЂРєР° РІ 14:30:00 UTC (С‡РµСЂРµР· 294 СЃРµРєСѓРЅРґ)
